{"/Users/vknabel/Developer/vknabel/vscode-swift-development-environment/src/server/packages/package-helpers.ts": {"path":"/Users/vknabel/Developer/vknabel/vscode-swift-development-environment/src/server/packages/package-helpers.ts","statementMap":{"0":{"start":{"line":2,"column":0},"end":{"line":2,"column":29}},"1":{"start":{"line":7,"column":2},"end":{"line":13,"column":4}},"2":{"start":{"line":8,"column":23},"end":{"line":11,"column":null}},"3":{"start":{"line":4,"column":0},"end":{"line":4,"column":16}},"4":{"start":{"line":20,"column":2},"end":{"line":28,"column":5}},"5":{"start":{"line":21,"column":37},"end":{"line":25,"column":null}},"6":{"start":{"line":23,"column":8},"end":{"line":25,"column":16}},"7":{"start":{"line":24,"column":10},"end":{"line":24,"column":61}},"8":{"start":{"line":27,"column":4},"end":{"line":27,"column":69}},"9":{"start":{"line":16,"column":0},"end":{"line":16,"column":16}},"10":{"start":{"line":32,"column":2},"end":{"line":34,"column":null}},"11":{"start":{"line":34,"column":46},"end":{"line":34,"column":79}},"12":{"start":{"line":38,"column":2},"end":{"line":38,"column":78}},"13":{"start":{"line":38,"column":57},"end":{"line":38,"column":75}}},"fnMap":{"0":{"name":"flatteningTargetsWithUniqueSources","decl":{"start":{"line":4,"column":16},"end":{"line":4,"column":50}},"loc":{"start":{"line":5,"column":24},"end":{"line":14,"column":1}}},"1":{"name":"(anonymous_1)","decl":{"start":{"line":8,"column":4},"end":{"line":8,"column":5}},"loc":{"start":{"line":8,"column":23},"end":{"line":11,"column":null}}},"2":{"name":"removingDuplicateSources","decl":{"start":{"line":16,"column":16},"end":{"line":16,"column":40}},"loc":{"start":{"line":18,"column":25},"end":{"line":29,"column":1}}},"3":{"name":"(anonymous_3)","decl":{"start":{"line":20,"column":25},"end":{"line":20,"column":31}},"loc":{"start":{"line":20,"column":34},"end":{"line":28,"column":3}}},"4":{"name":"(anonymous_4)","decl":{"start":{"line":22,"column":6},"end":{"line":22,"column":12}},"loc":{"start":{"line":23,"column":8},"end":{"line":25,"column":16}}},"5":{"name":"(anonymous_5)","decl":{"start":{"line":23,"column":32},"end":{"line":23,"column":36}},"loc":{"start":{"line":24,"column":10},"end":{"line":24,"column":61}}},"6":{"name":"normalizedTarget","decl":{"start":{"line":31,"column":9},"end":{"line":31,"column":25}},"loc":{"start":{"line":31,"column":40},"end":{"line":36,"column":1}}},"7":{"name":"(anonymous_7)","decl":{"start":{"line":34,"column":36},"end":{"line":34,"column":42}},"loc":{"start":{"line":34,"column":46},"end":{"line":34,"column":79}}},"8":{"name":"mapSet","decl":{"start":{"line":37,"column":9},"end":{"line":37,"column":15}},"loc":{"start":{"line":37,"column":63},"end":{"line":39,"column":1}}},"9":{"name":"(anonymous_9)","decl":{"start":{"line":38,"column":46},"end":{"line":38,"column":53}},"loc":{"start":{"line":38,"column":57},"end":{"line":38,"column":75}}}},"branchMap":{},"s":{"0":1,"1":1,"2":3,"3":1,"4":8,"5":7,"6":8,"7":8,"8":7,"9":1,"10":3,"11":2,"12":3,"13":2},"f":{"0":1,"1":3,"2":8,"3":7,"4":8,"5":8,"6":3,"7":2,"8":3,"9":2},"b":{}}
}
