TN:
SF:/Users/vknabel/Developer/vknabel/vscode-swift-development-environment/src/server/packages/package-helpers.ts
FN:4,flatteningTargetsWithUniqueSources
FN:8,(anonymous_1)
FN:16,removingDuplicateSources
FN:20,(anonymous_3)
FN:22,(anonymous_4)
FN:23,(anonymous_5)
FN:31,normalizedTarget
FN:34,(anonymous_7)
FN:37,mapSet
FN:38,(anonymous_9)
FNF:10
FNH:10
FNDA:1,flatteningTargetsWithUniqueSources
FNDA:3,(anonymous_1)
FNDA:8,removingDuplicateSources
FNDA:7,(anonymous_3)
FNDA:8,(anonymous_4)
FNDA:8,(anonymous_5)
FNDA:3,normalizedTarget
FNDA:2,(anonymous_7)
FNDA:3,mapSet
FNDA:2,(anonymous_9)
DA:2,1
DA:4,1
DA:7,1
DA:8,3
DA:16,1
DA:20,8
DA:21,7
DA:23,8
DA:24,8
DA:27,7
DA:32,3
DA:34,2
DA:38,3
LF:13
LH:13
BRF:0
BRH:0
end_of_record
